<?xml version="1.0" encoding="UTF-8"?>
<!-- Generated by org.testng.reporters.JUnitXMLReporter -->
<testsuite ignored="0" hostname="Tamannas-MacBook-Pro.local" failures="0" tests="3" name="Default test" time="18.63" errors="0" timestamp="2024-11-21T18:52:33 EST">
  <testcase classname="Jenkins_execution_check.SearchProduct" name="verifySearchWithValidProduct" time="0.645"/>
  <testcase classname="Jenkins_execution_check.SearchProduct" name="verifySearchWithInvalidProduct" time="0.419"/>
  <testcase classname="Jenkins_execution_check.SearchProduct" name="verifySearchWithNoProduct" time="0.383"/>
</testsuite> <!-- Default test -->
