<?xml version="1.0" encoding="UTF-8"?>
<!-- Generated by org.testng.reporters.JUnitXMLReporter -->
<testsuite ignored="0" hostname="Tamannas-MacBook-Pro.local" failures="0" tests="13" name="Test" time="68.253" errors="0" timestamp="2024-11-21T18:54:00 EST">
  <testcase classname="Jenkins_execution_check.Login" name="verifyLoginWithValidCredentials" time="1.292"/>
  <testcase classname="Jenkins_execution_check.Login" name="verifyLoginWithInvalidCredentials" time="0.702"/>
  <testcase classname="Jenkins_execution_check.Login" name="verifyLoginWithValidEmailandInvalidPassword" time="0.7"/>
  <testcase classname="Jenkins_execution_check.Login" name="verifyLoginWithInvalidEmailandValidPassword" time="0.752"/>
  <testcase classname="Jenkins_execution_check.Login" name="verifyLoginWithNoCredentials" time="0.771"/>
  <testcase classname="Jenkins_execution_check.Register" name="registerWithNoInputs" time="0.532"/>
  <testcase classname="Jenkins_execution_check.Register" name="registerWithMandatoryFields" time="1.105"/>
  <testcase classname="Jenkins_execution_check.Register" name="registerWithAllDetails" time="1.128"/>
  <testcase classname="Jenkins_execution_check.Register" name="registerWithExistingEmail" time="0.683"/>
  <testcase classname="Jenkins_execution_check.Register" name="registerWithWrongConfirmPassword" time="0.696"/>
  <testcase classname="Jenkins_execution_check.SearchProduct" name="verifySearchWithValidProduct" time="0.68"/>
  <testcase classname="Jenkins_execution_check.SearchProduct" name="verifySearchWithInvalidProduct" time="0.427"/>
  <testcase classname="Jenkins_execution_check.SearchProduct" name="verifySearchWithNoProduct" time="0.387"/>
</testsuite> <!-- Test -->
